#
# A fatal error has been detected by the Java Runtime Environment:
#
#  EXCEPTION_ACCESS_VIOLATION (0xc0000005) at pc=0x00007ff9d38efcc5, pid=10112, tid=3216
#
# JRE version: Java(TM) SE Runtime Environment (15.0.1+9) (build 15.0.1+9-18)
# Java VM: Java HotSpot(TM) 64-Bit Server VM (15.0.1+9-18, mixed mode, sharing, tiered, compressed oops, g1 gc, windows-amd64)
# Problematic frame:
# V  [jvm.dll+0x2ffcc5]
#
# No core dump will be written. Minidumps are not enabled by default on client versions of Windows
#
# If you would like to submit a bug report, please visit:
#   https://bugreport.java.com/bugreport/crash.jsp
#

---------------  S U M M A R Y ------------

Command Line: -XX:+ShowCodeDetailsInExceptionMessages -agentlib:jdwp=transport=dt_socket,suspend=y,address=localhost:57042 -ea -javaagent:C:\Program Files\eclipse\configuration\org.eclipse.osgi\215\0\.cp\lib\javaagent-shaded.jar -Dfile.encoding=UTF-8 org.eclipse.jdt.internal.junit.runner.RemoteTestRunner -version 3 -port 57041 -testLoaderClass org.eclipse.jdt.internal.junit4.runner.JUnit4TestLoader -loaderpluginname org.eclipse.jdt.junit4.runtime -classNames runner.testrunner

Host: AMD Ryzen 5 3500 6-Core Processor              , 6 cores, 15G,  Windows 10 , 64 bit Build 19041 (10.0.19041.804)
Time: Sat Mar 13 18:00:45 2021 Malay Peninsula Standard Time elapsed time: 40.406679 seconds (0d 0h 0m 40s)

---------------  T H R E A D  ---------------

Current thread (0x000001b5af2a4f00):  JavaThread "JDWP Transport Listener: dt_socket" daemon [_thread_in_vm, id=3216, stack(0x000000afd8200000,0x000000afd8300000)] _threads_hazard_ptr=0x000001b5b1db6a10

Stack: [0x000000afd8200000,0x000000afd8300000],  sp=0x000000afd82fea00,  free space=1018k
Native frames: (J=compiled Java code, j=interpreted, Vv=VM code, C=native code)
V  [jvm.dll+0x2ffcc5]
V  [jvm.dll+0x3021e2]
V  [jvm.dll+0x3028ee]
V  [jvm.dll+0x2fff9f]
V  [jvm.dll+0x2ff24a]
V  [jvm.dll+0x619c80]
V  [jvm.dll+0x619963]
V  [jvm.dll+0x5df038]
V  [jvm.dll+0x7783ef]
V  [jvm.dll+0x4f04b1]
V  [jvm.dll+0x787e95]
V  [jvm.dll+0x4d430a]
V  [jvm.dll+0x49548b]
C  [jdwp.dll+0x796b]


siginfo: EXCEPTION_ACCESS_VIOLATION (0xc0000005), reading address 0x0000000000000006


Register to memory mapping:

RIP=0x00007ff9d38efcc5 jvm.dll
RAX=0x0 is NULL
RBX=0x000000afd82feca0 is pointing into the stack for thread: 0x000001b5af2a4f00
RCX=0x0 is NULL
RDX=0x0 is NULL
RSP=0x000000afd82fea00 is pointing into the stack for thread: 0x000001b5af2a4f00
RBP=0x0000000000000001 is an unknown value
RSI=0x0000000000000001 is an unknown value
RDI=0x000001b5aed9c440 is pointing into metadata
R8 =0x0 is NULL
R9 =0x000001b5aed9c440 is pointing into metadata
R10=0x000000afd82feca0 is pointing into the stack for thread: 0x000001b5af2a4f00
R11={method} {0x000001b5aed9d730} 'user_fills_up_now_tell_us_about_yourself_fields' '()V' in 'seleniumgluecode/test'
R12=0x00007ff9d35f0000 jvm.dll
R13=0x000001b5af2d1140 points into unknown readable memory: 0x0000000000ee8600 | 00 86 ee 00 00 00 00 00
R14=0x000001b5aed9d6cc is pointing into metadata
R15=0x0000000000000080 is an unknown value


Registers:
RAX=0x0000000000000000, RBX=0x000000afd82feca0, RCX=0x0000000000000000, RDX=0x0000000000000000
RSP=0x000000afd82fea00, RBP=0x0000000000000001, RSI=0x0000000000000001, RDI=0x000001b5aed9c440
R8 =0x0000000000000000, R9 =0x000001b5aed9c440, R10=0x000000afd82feca0, R11=0x000001b5aed9d728
R12=0x00007ff9d35f0000, R13=0x000001b5af2d1140, R14=0x000001b5aed9d6cc, R15=0x0000000000000080
RIP=0x00007ff9d38efcc5, EFLAGS=0x0000000000010216

Top of Stack: (sp=0x000000afd82fea00)
0x000000afd82fea00:   00000008000107e0 00007ff9d38f3873
0x000000afd82fea10:   000000afd82fea70 00007ff9d36f201e
0x000000afd82fea20:   000001b500000000 00007ff9d3926896
0x000000afd82fea30:   000001b5af287640 00007ff9d38f3b22
0x000000afd82fea40:   00002ce4ef134806 000000afd82feca0
0x000000afd82fea50:   000001b5aed9d6cc 00000000000000b2
0x000000afd82fea60:   000000afd82feca0 00007ff9d38f21e2
0x000000afd82fea70:   000000afd82feb10 000000afd82feb10
0x000000afd82fea80:   0000000000000001 000001b5aed9d6c2
0x000000afd82fea90:   000000af00000064 0000000000000000
0x000000afd82feaa0:   000001b5aed9d728 000001b5af2a4f00
0x000000afd82feab0:   000001b5aed9d6c4 00007ff9000000e6
0x000000afd82feac0:   000001b5aed9d728 000000afd82feca0
0x000000afd82fead0:   0000000000000080 00000000000000b2
0x000000afd82feae0:   000000afd82feca0 00007ff9d38f28ee
0x000000afd82feaf0:   000000afd82feb40 00000000000000b2 

Instructions: (pc=0x00007ff9d38efcc5)
0x00007ff9d38efbc5:   42 8b 1c 81 4e 8d 34 81 8b 75 58 41 81 e0 ff ff
0x00007ff9d38efbd5:   ff 00 41 81 c8 00 00 00 47 48 8b cd 45 89 06 c7
0x00007ff9d38efbe5:   45 58 01 00 00 00 e8 80 38 00 00 66 83 7c 24 68
0x00007ff9d38efbf5:   00 41 89 1e 89 75 58 74 40 8b 4c 24 70 49 ff c7
0x00007ff9d38efc05:   0f b7 c1 48 83 c7 08 4c 3b f8 0f 8c 4b ff ff ff
0x00007ff9d38efc15:   83 7d 5c 00 74 23 48 83 3d 6d 32 78 00 00 74 15
0x00007ff9d38efc25:   80 7d 42 00 74 0f 48 8d 15 86 f2 58 00 48 8b cd
0x00007ff9d38efc35:   e8 a6 42 00 00 c6 45 42 00 4c 8b 74 24 28 4c 8b
0x00007ff9d38efc45:   6c 24 30 4c 8b 64 24 38 48 8b 7c 24 40 48 8b 74
0x00007ff9d38efc55:   24 48 48 8b 5c 24 60 4c 8b 7c 24 20 48 83 c4 50
0x00007ff9d38efc65:   5d c3 cc cc cc cc cc cc cc cc cc 48 89 5c 24 10
0x00007ff9d38efc75:   48 89 6c 24 18 56 57 41 56 48 83 ec 50 48 8b 05
0x00007ff9d38efc85:   8f 01 73 00 48 33 c4 48 89 44 24 40 48 8b 41 08
0x00007ff9d38efc95:   48 8b d9 41 8b e8 8b f2 45 33 c0 41 8b d1 48 8b
0x00007ff9d38efca5:   48 08 48 8b 79 08 48 8b cf e8 8d eb f0 ff 8b d0
0x00007ff9d38efcb5:   48 8b cf e8 43 16 f1 ff 48 63 c8 48 8b 44 cf 48
0x00007ff9d38efcc5:   0f be 48 06 e8 f2 79 3a 00 8b 0d b0 30 78 00 48
0x00007ff9d38efcd5:   8d 3d ad 30 78 00 8d 50 f4 83 fa 01 76 27 8d 50
0x00007ff9d38efce5:   f9 f7 c2 fb ff ff ff 74 13 83 f8 0e 48 8d 15 a0
0x00007ff9d38efcf5:   30 78 00 4c 8b d7 4c 0f 45 d2 eb 27 4c 8d 15 c0
0x00007ff9d38efd05:   30 78 00 eb 1e 8b 84 24 90 00 00 00 4c 8d 54 24
0x00007ff9d38efd15:   30 25 ff ff ff 00 89 4c 24 34 0d 00 00 00 46 89
0x00007ff9d38efd25:   44 24 30 45 33 c0 85 f6 74 05 49 8b fa eb 29 41
0x00007ff9d38efd35:   8b 02 85 c0 74 22 49 8b d0 4d 8b c8 42 89 44 0c
0x00007ff9d38efd45:   20 48 8d 52 01 4c 8d 0c 95 00 00 00 00 41 ff c0
0x00007ff9d38efd55:   43 8b 04 11 85 c0 75 e4 85 ed 75 10 8b 05 6d cc
0x00007ff9d38efd65:   6f 00 49 63 d0 41 ff c0 89 44 94 20 49 63 c0 4c
0x00007ff9d38efd75:   8d 74 24 20 89 4c 84 20 8b 74 24 20 85 f6 74 4c
0x00007ff9d38efd85:   48 63 53 58 85 d2 7f 18 48 8d 15 ac 07 55 00 48
0x00007ff9d38efd95:   8b cb e8 14 48 00 00 44 8b 05 ed 2f 78 00 eb 16
0x00007ff9d38efda5:   48 63 4b 20 8d 42 ff 89 43 58 48 03 ca 48 8b 43
0x00007ff9d38efdb5:   48 44 8b 44 88 fc 8b d6 48 8b cb e8 5b f0 ff ff 


Stack slot to memory mapping:
stack at sp + 0 slots: 0x00000008000107e0 is a pointer to class: 
stack at sp + 1 slots: 0x00007ff9d38f3873 jvm.dll
stack at sp + 2 slots: 0x000000afd82fea70 is pointing into the stack for thread: 0x000001b5af2a4f00
stack at sp + 3 slots: 0x00007ff9d36f201e jvm.dll
stack at sp + 4 slots: 0x000001b500000000 is an unknown value
stack at sp + 5 slots: 0x00007ff9d3926896 jvm.dll
stack at sp + 6 slots: 0x000001b5af287640 points into unknown readable memory: 0x0000000000000000 | 00 00 00 00 00 00 00 00
stack at sp + 7 slots: 0x00007ff9d38f3b22 jvm.dll


---------------  P R O C E S S  ---------------

Threads class SMR info:
_java_thread_list=0x000001b5b1db6a10, length=19, elements={
0x000001b58b488fa0, 0x000001b5ae7c9df0, 0x000001b5ae7ca8d0, 0x000001b5ae7dd8a0,
0x000001b5ae7de260, 0x000001b5af0e40a0, 0x000001b5af0ed0b0, 0x000001b5af1152e0,
0x000001b5af1203c0, 0x000001b5af22ce60, 0x000001b5af2a4f00, 0x000001b5af3b7d60,
0x000001b5af3b8250, 0x000001b5af837380, 0x000001b5afb2e140, 0x000001b5b02b70f0,
0x000001b5b02b7f60, 0x000001b5b02b6750, 0x000001b5b02b8dd0
}

Java Threads: ( => current thread )
  0x000001b58b488fa0 JavaThread "main" [_thread_blocked, id=15660, stack(0x000000afd7200000,0x000000afd7300000)]
  0x000001b5ae7c9df0 JavaThread "Reference Handler" daemon [_thread_blocked, id=9668, stack(0x000000afd7900000,0x000000afd7a00000)]
  0x000001b5ae7ca8d0 JavaThread "Finalizer" daemon [_thread_blocked, id=15208, stack(0x000000afd7a00000,0x000000afd7b00000)]
  0x000001b5ae7dd8a0 JavaThread "Signal Dispatcher" daemon [_thread_blocked, id=7576, stack(0x000000afd7b00000,0x000000afd7c00000)]
  0x000001b5ae7de260 JavaThread "Attach Listener" daemon [_thread_blocked, id=6504, stack(0x000000afd7c00000,0x000000afd7d00000)]
  0x000001b5af0e40a0 JavaThread "Service Thread" daemon [_thread_blocked, id=6644, stack(0x000000afd7d00000,0x000000afd7e00000)]
  0x000001b5af0ed0b0 JavaThread "C2 CompilerThread0" daemon [_thread_blocked, id=9568, stack(0x000000afd7e00000,0x000000afd7f00000)]
  0x000001b5af1152e0 JavaThread "C1 CompilerThread0" daemon [_thread_blocked, id=6040, stack(0x000000afd7f00000,0x000000afd8000000)]
  0x000001b5af1203c0 JavaThread "Sweeper thread" daemon [_thread_blocked, id=11884, stack(0x000000afd8000000,0x000000afd8100000)]
  0x000001b5af22ce60 JavaThread "Common-Cleaner" daemon [_thread_blocked, id=14504, stack(0x000000afd8100000,0x000000afd8200000)]
=>0x000001b5af2a4f00 JavaThread "JDWP Transport Listener: dt_socket" daemon [_thread_in_vm, id=3216, stack(0x000000afd8200000,0x000000afd8300000)]
  0x000001b5af3b7d60 JavaThread "JDWP Event Helper Thread" daemon [_thread_blocked, id=6516, stack(0x000000afd8300000,0x000000afd8400000)]
  0x000001b5af3b8250 JavaThread "JDWP Command Reader" daemon [_thread_in_native, id=5392, stack(0x000000afd8400000,0x000000afd8500000)]
  0x000001b5af837380 JavaThread "Notification Thread" daemon [_thread_blocked, id=14816, stack(0x000000afd8600000,0x000000afd8700000)]
  0x000001b5afb2e140 JavaThread "ReaderThread" [_thread_in_native, id=5612, stack(0x000000afd8800000,0x000000afd8900000)]
  0x000001b5b02b70f0 JavaThread "Exec Default Executor" daemon [_thread_in_native, id=16020, stack(0x000000afd8e00000,0x000000afd8f00000)]
  0x000001b5b02b7f60 JavaThread "UrlChecker-2" daemon [_thread_blocked, id=15252, stack(0x000000afd8f00000,0x000000afd9000000)]
  0x000001b5b02b6750 JavaThread "Exec Stream Pumper" daemon [_thread_in_native, id=16392, stack(0x000000afd9000000,0x000000afd9100000)]
  0x000001b5b02b8dd0 JavaThread "Exec Stream Pumper" daemon [_thread_in_native, id=11892, stack(0x000000afd9100000,0x000000afd9200000)]

Other Threads:
  0x000001b5ae7c5820 VMThread "VM Thread" [stack: 0x000000afd7800000,0x000000afd7900000] [id=11344]
  0x000001b5af837850 WatcherThread [stack: 0x000000afd8700000,0x000000afd8800000] [id=8896]
  0x000001b58b4d77e0 GCTaskThread "GC Thread#0" [stack: 0x000000afd7300000,0x000000afd7400000] [id=8476]
  0x000001b5af88d8c0 GCTaskThread "GC Thread#1" [stack: 0x000000afd8900000,0x000000afd8a00000] [id=5316]
  0x000001b5af88dbf0 GCTaskThread "GC Thread#2" [stack: 0x000000afd8a00000,0x000000afd8b00000] [id=15876]
  0x000001b5af88c270 GCTaskThread "GC Thread#3" [stack: 0x000000afd8b00000,0x000000afd8c00000] [id=12316]
  0x000001b5af88e250 GCTaskThread "GC Thread#4" [stack: 0x000000afd8c00000,0x000000afd8d00000] [id=13136]
  0x000001b5af88ac20 GCTaskThread "GC Thread#5" [stack: 0x000000afd8d00000,0x000000afd8e00000] [id=9800]
  0x000001b58b4e9fb0 ConcurrentGCThread "G1 Main Marker" [stack: 0x000000afd7400000,0x000000afd7500000] [id=13228]
  0x000001b58b4eaab0 ConcurrentGCThread "G1 Conc#0" [stack: 0x000000afd7500000,0x000000afd7600000] [id=11088]
  0x000001b5ae6420c0 ConcurrentGCThread "G1 Refine#0" [stack: 0x000000afd7600000,0x000000afd7700000] [id=8244]
  0x000001b5ae643a80 ConcurrentGCThread "G1 Young RemSet Sampling" [stack: 0x000000afd7700000,0x000000afd7800000] [id=16312]

Threads with active compile tasks:

VM state: not at safepoint (normal execution)

VM Mutex/Monitor currently owned by a thread: None

Heap address: 0x0000000700c00000, size: 4084 MB, Compressed Oops mode: Zero based, Oop shift amount: 3
CDS archive(s) mapped at: [0x0000000800000000-0x0000000800b50000-0x0000000800b50000), size 11862016, SharedBaseAddress: 0x0000000800000000, ArchiveRelocationMode: 0.
Compressed class space mapped at: 0x0000000800b50000-0x0000000840b50000, size: 1073741824
Narrow klass base: 0x0000000800000000, Narrow klass shift: 3, Narrow klass range: 0x100000000

GC Precious Log:
 CPUs: 6 total, 6 available
 Memory: 16329M
 Large Page Support: Disabled
 NUMA Support: Disabled
 Compressed Oops: Enabled (Zero based)
 Heap Region Size: 2M
 Heap Min Capacity: 8M
 Heap Initial Capacity: 256M
 Heap Max Capacity: 4084M
 Pre-touch: Disabled
 Parallel Workers: 6
 Concurrent Workers: 2
 Concurrent Refinement Workers: 6
 Periodic GC: Disabled

Heap:
 garbage-first heap   total 262144K, used 87131K [0x0000000700c00000, 0x0000000800000000)
  region size 2048K, 43 young (88064K), 2 survivors (4096K)
 Metaspace       used 16802K, capacity 17006K, committed 17152K, reserved 1064960K
  class space    used 2151K, capacity 2229K, committed 2304K, reserved 1048576K

Heap Regions: E=young(eden), S=young(survivor), O=old, HS=humongous(starts), HC=humongous(continues), CS=collection set, F=free, OA=open archive, CA=closed archive, TAMS=top-at-mark-start (previous, next)
|   0|0x0000000700c00000, 0x0000000700e00000, 0x0000000700e00000|100%| O|  |TAMS 0x0000000700c00000, 0x0000000700c00000| Untracked 
|   1|0x0000000700e00000, 0x0000000700f08600, 0x0000000701000000| 51%| O|  |TAMS 0x0000000700e00000, 0x0000000700e00000| Untracked 
|   2|0x0000000701000000, 0x0000000701000000, 0x0000000701200000|  0%| F|  |TAMS 0x0000000701000000, 0x0000000701000000| Untracked 
|   3|0x0000000701200000, 0x0000000701200000, 0x0000000701400000|  0%| F|  |TAMS 0x0000000701200000, 0x0000000701200000| Untracked 
|   4|0x0000000701400000, 0x0000000701400000, 0x0000000701600000|  0%| F|  |TAMS 0x0000000701400000, 0x0000000701400000| Untracked 
|   5|0x0000000701600000, 0x0000000701600000, 0x0000000701800000|  0%| F|  |TAMS 0x0000000701600000, 0x0000000701600000| Untracked 
|   6|0x0000000701800000, 0x0000000701800000, 0x0000000701a00000|  0%| F|  |TAMS 0x0000000701800000, 0x0000000701800000| Untracked 
|   7|0x0000000701a00000, 0x0000000701a00000, 0x0000000701c00000|  0%| F|  |TAMS 0x0000000701a00000, 0x0000000701a00000| Untracked 
|   8|0x0000000701c00000, 0x0000000701c00000, 0x0000000701e00000|  0%| F|  |TAMS 0x0000000701c00000, 0x0000000701c00000| Untracked 
|   9|0x0000000701e00000, 0x0000000701e00000, 0x0000000702000000|  0%| F|  |TAMS 0x0000000701e00000, 0x0000000701e00000| Untracked 
|  10|0x0000000702000000, 0x0000000702000000, 0x0000000702200000|  0%| F|  |TAMS 0x0000000702000000, 0x0000000702000000| Untracked 
|  11|0x0000000702200000, 0x0000000702200000, 0x0000000702400000|  0%| F|  |TAMS 0x0000000702200000, 0x0000000702200000| Untracked 
|  12|0x0000000702400000, 0x0000000702400000, 0x0000000702600000|  0%| F|  |TAMS 0x0000000702400000, 0x0000000702400000| Untracked 
|  13|0x0000000702600000, 0x0000000702600000, 0x0000000702800000|  0%| F|  |TAMS 0x0000000702600000, 0x0000000702600000| Untracked 
|  14|0x0000000702800000, 0x0000000702800000, 0x0000000702a00000|  0%| F|  |TAMS 0x0000000702800000, 0x0000000702800000| Untracked 
|  15|0x0000000702a00000, 0x0000000702a00000, 0x0000000702c00000|  0%| F|  |TAMS 0x0000000702a00000, 0x0000000702a00000| Untracked 
|  16|0x0000000702c00000, 0x0000000702c00000, 0x0000000702e00000|  0%| F|  |TAMS 0x0000000702c00000, 0x0000000702c00000| Untracked 
|  17|0x0000000702e00000, 0x0000000702e00000, 0x0000000703000000|  0%| F|  |TAMS 0x0000000702e00000, 0x0000000702e00000| Untracked 
|  18|0x0000000703000000, 0x0000000703000000, 0x0000000703200000|  0%| F|  |TAMS 0x0000000703000000, 0x0000000703000000| Untracked 
|  19|0x0000000703200000, 0x0000000703200000, 0x0000000703400000|  0%| F|  |TAMS 0x0000000703200000, 0x0000000703200000| Untracked 
|  20|0x0000000703400000, 0x0000000703400000, 0x0000000703600000|  0%| F|  |TAMS 0x0000000703400000, 0x0000000703400000| Untracked 
|  21|0x0000000703600000, 0x0000000703600000, 0x0000000703800000|  0%| F|  |TAMS 0x0000000703600000, 0x0000000703600000| Untracked 
|  22|0x0000000703800000, 0x0000000703800000, 0x0000000703a00000|  0%| F|  |TAMS 0x0000000703800000, 0x0000000703800000| Untracked 
|  23|0x0000000703a00000, 0x0000000703a00000, 0x0000000703c00000|  0%| F|  |TAMS 0x0000000703a00000, 0x0000000703a00000| Untracked 
|  24|0x0000000703c00000, 0x0000000703c00000, 0x0000000703e00000|  0%| F|  |TAMS 0x0000000703c00000, 0x0000000703c00000| Untracked 
|  25|0x0000000703e00000, 0x0000000703e00000, 0x0000000704000000|  0%| F|  |TAMS 0x0000000703e00000, 0x0000000703e00000| Untracked 
|  26|0x0000000704000000, 0x0000000704000000, 0x0000000704200000|  0%| F|  |TAMS 0x0000000704000000, 0x0000000704000000| Untracked 
|  27|0x0000000704200000, 0x0000000704200000, 0x0000000704400000|  0%| F|  |TAMS 0x0000000704200000, 0x0000000704200000| Untracked 
|  28|0x0000000704400000, 0x0000000704400000, 0x0000000704600000|  0%| F|  |TAMS 0x0000000704400000, 0x0000000704400000| Untracked 
|  29|0x0000000704600000, 0x0000000704600000, 0x0000000704800000|  0%| F|  |TAMS 0x0000000704600000, 0x0000000704600000| Untracked 
|  30|0x0000000704800000, 0x0000000704800000, 0x0000000704a00000|  0%| F|  |TAMS 0x0000000704800000, 0x0000000704800000| Untracked 
|  31|0x0000000704a00000, 0x0000000704a00000, 0x0000000704c00000|  0%| F|  |TAMS 0x0000000704a00000, 0x0000000704a00000| Untracked 
|  32|0x0000000704c00000, 0x0000000704c00000, 0x0000000704e00000|  0%| F|  |TAMS 0x0000000704c00000, 0x0000000704c00000| Untracked 
|  33|0x0000000704e00000, 0x0000000704e00000, 0x0000000705000000|  0%| F|  |TAMS 0x0000000704e00000, 0x0000000704e00000| Untracked 
|  34|0x0000000705000000, 0x0000000705000000, 0x0000000705200000|  0%| F|  |TAMS 0x0000000705000000, 0x0000000705000000| Untracked 
|  35|0x0000000705200000, 0x0000000705200000, 0x0000000705400000|  0%| F|  |TAMS 0x0000000705200000, 0x0000000705200000| Untracked 
|  36|0x0000000705400000, 0x0000000705400000, 0x0000000705600000|  0%| F|  |TAMS 0x0000000705400000, 0x0000000705400000| Untracked 
|  37|0x0000000705600000, 0x0000000705600000, 0x0000000705800000|  0%| F|  |TAMS 0x0000000705600000, 0x0000000705600000| Untracked 
|  38|0x0000000705800000, 0x0000000705800000, 0x0000000705a00000|  0%| F|  |TAMS 0x0000000705800000, 0x0000000705800000| Untracked 
|  39|0x0000000705a00000, 0x0000000705a00000, 0x0000000705c00000|  0%| F|  |TAMS 0x0000000705a00000, 0x0000000705a00000| Untracked 
|  40|0x0000000705c00000, 0x0000000705c00000, 0x0000000705e00000|  0%| F|  |TAMS 0x0000000705c00000, 0x0000000705c00000| Untracked 
|  41|0x0000000705e00000, 0x0000000705e00000, 0x0000000706000000|  0%| F|  |TAMS 0x0000000705e00000, 0x0000000705e00000| Untracked 
|  42|0x0000000706000000, 0x0000000706000000, 0x0000000706200000|  0%| F|  |TAMS 0x0000000706000000, 0x0000000706000000| Untracked 
|  43|0x0000000706200000, 0x0000000706200000, 0x0000000706400000|  0%| F|  |TAMS 0x0000000706200000, 0x0000000706200000| Untracked 
|  44|0x0000000706400000, 0x0000000706400000, 0x0000000706600000|  0%| F|  |TAMS 0x0000000706400000, 0x0000000706400000| Untracked 
|  45|0x0000000706600000, 0x0000000706600000, 0x0000000706800000|  0%| F|  |TAMS 0x0000000706600000, 0x0000000706600000| Untracked 
|  46|0x0000000706800000, 0x0000000706800000, 0x0000000706a00000|  0%| F|  |TAMS 0x0000000706800000, 0x0000000706800000| Untracked 
|  47|0x0000000706a00000, 0x0000000706a00000, 0x0000000706c00000|  0%| F|  |TAMS 0x0000000706a00000, 0x0000000706a00000| Untracked 
|  48|0x0000000706c00000, 0x0000000706c00000, 0x0000000706e00000|  0%| F|  |TAMS 0x0000000706c00000, 0x0000000706c00000| Untracked 
|  49|0x0000000706e00000, 0x0000000706e00000, 0x0000000707000000|  0%| F|  |TAMS 0x0000000706e00000, 0x0000000706e00000| Untracked 
|  50|0x0000000707000000, 0x0000000707000000, 0x0000000707200000|  0%| F|  |TAMS 0x0000000707000000, 0x0000000707000000| Untracked 
|  51|0x0000000707200000, 0x0000000707200000, 0x0000000707400000|  0%| F|  |TAMS 0x0000000707200000, 0x0000000707200000| Untracked 
|  52|0x0000000707400000, 0x0000000707400000, 0x0000000707600000|  0%| F|  |TAMS 0x0000000707400000, 0x0000000707400000| Untracked 
|  53|0x0000000707600000, 0x0000000707600000, 0x0000000707800000|  0%| F|  |TAMS 0x0000000707600000, 0x0000000707600000| Untracked 
|  54|0x0000000707800000, 0x0000000707800000, 0x0000000707a00000|  0%| F|  |TAMS 0x0000000707800000, 0x0000000707800000| Untracked 
|  55|0x0000000707a00000, 0x0000000707a00000, 0x0000000707c00000|  0%| F|  |TAMS 0x0000000707a00000, 0x0000000707a00000| Untracked 
|  56|0x0000000707c00000, 0x0000000707c00000, 0x0000000707e00000|  0%| F|  |TAMS 0x0000000707c00000, 0x0000000707c00000| Untracked 
|  57|0x0000000707e00000, 0x0000000707e00000, 0x0000000708000000|  0%| F|  |TAMS 0x0000000707e00000, 0x0000000707e00000| Untracked 
|  58|0x0000000708000000, 0x0000000708000000, 0x0000000708200000|  0%| F|  |TAMS 0x0000000708000000, 0x0000000708000000| Untracked 
|  59|0x0000000708200000, 0x0000000708200000, 0x0000000708400000|  0%| F|  |TAMS 0x0000000708200000, 0x0000000708200000| Untracked 
|  60|0x0000000708400000, 0x0000000708400000, 0x0000000708600000|  0%| F|  |TAMS 0x0000000708400000, 0x0000000708400000| Untracked 
|  61|0x0000000708600000, 0x0000000708600000, 0x0000000708800000|  0%| F|  |TAMS 0x0000000708600000, 0x0000000708600000| Untracked 
|  62|0x0000000708800000, 0x0000000708800000, 0x0000000708a00000|  0%| F|  |TAMS 0x0000000708800000, 0x0000000708800000| Untracked 
|  63|0x0000000708a00000, 0x0000000708a00000, 0x0000000708c00000|  0%| F|  |TAMS 0x0000000708a00000, 0x0000000708a00000| Untracked 
|  64|0x0000000708c00000, 0x0000000708c00000, 0x0000000708e00000|  0%| F|  |TAMS 0x0000000708c00000, 0x0000000708c00000| Untracked 
|  65|0x0000000708e00000, 0x0000000708e00000, 0x0000000709000000|  0%| F|  |TAMS 0x0000000708e00000, 0x0000000708e00000| Untracked 
|  66|0x0000000709000000, 0x0000000709000000, 0x0000000709200000|  0%| F|  |TAMS 0x0000000709000000, 0x0000000709000000| Untracked 
|  67|0x0000000709200000, 0x0000000709200000, 0x0000000709400000|  0%| F|  |TAMS 0x0000000709200000, 0x0000000709200000| Untracked 
|  68|0x0000000709400000, 0x0000000709400000, 0x0000000709600000|  0%| F|  |TAMS 0x0000000709400000, 0x0000000709400000| Untracked 
|  69|0x0000000709600000, 0x0000000709600000, 0x0000000709800000|  0%| F|  |TAMS 0x0000000709600000, 0x0000000709600000| Untracked 
|  70|0x0000000709800000, 0x0000000709800000, 0x0000000709a00000|  0%| F|  |TAMS 0x0000000709800000, 0x0000000709800000| Untracked 
|  71|0x0000000709a00000, 0x0000000709a00000, 0x0000000709c00000|  0%| F|  |TAMS 0x0000000709a00000, 0x0000000709a00000| Untracked 
|  72|0x0000000709c00000, 0x0000000709c00000, 0x0000000709e00000|  0%| F|  |TAMS 0x0000000709c00000, 0x0000000709c00000| Untracked 
|  73|0x0000000709e00000, 0x0000000709e00000, 0x000000070a000000|  0%| F|  |TAMS 0x0000000709e00000, 0x0000000709e00000| Untracked 
|  74|0x000000070a000000, 0x000000070a000000, 0x000000070a200000|  0%| F|  |TAMS 0x000000070a000000, 0x000000070a000000| Untracked 
|  75|0x000000070a200000, 0x000000070a200000, 0x000000070a400000|  0%| F|  |TAMS 0x000000070a200000, 0x000000070a200000| Untracked 
|  76|0x000000070a400000, 0x000000070a400000, 0x000000070a600000|  0%| F|  |TAMS 0x000000070a400000, 0x000000070a400000| Untracked 
|  77|0x000000070a600000, 0x000000070a600000, 0x000000070a800000|  0%| F|  |TAMS 0x000000070a600000, 0x000000070a600000| Untracked 
|  78|0x000000070a800000, 0x000000070a800000, 0x000000070aa00000|  0%| F|  |TAMS 0x000000070a800000, 0x000000070a800000| Untracked 
|  79|0x000000070aa00000, 0x000000070aa00000, 0x000000070ac00000|  0%| F|  |TAMS 0x000000070aa00000, 0x000000070aa00000| Untracked 
|  80|0x000000070ac00000, 0x000000070ac00000, 0x000000070ae00000|  0%| F|  |TAMS 0x000000070ac00000, 0x000000070ac00000| Untracked 
|  81|0x000000070ae00000, 0x000000070ae00000, 0x000000070b000000|  0%| F|  |TAMS 0x000000070ae00000, 0x000000070ae00000| Untracked 
|  82|0x000000070b000000, 0x000000070b000000, 0x000000070b200000|  0%| F|  |TAMS 0x000000070b000000, 0x000000070b000000| Untracked 
|  83|0x000000070b200000, 0x000000070b200000, 0x000000070b400000|  0%| F|  |TAMS 0x000000070b200000, 0x000000070b200000| Untracked 
|  84|0x000000070b400000, 0x000000070b400000, 0x000000070b600000|  0%| F|  |TAMS 0x000000070b400000, 0x000000070b400000| Untracked 
|  85|0x000000070b600000, 0x000000070b800000, 0x000000070b800000|100%| E|  |TAMS 0x000000070b600000, 0x000000070b600000| Complete 
|  86|0x000000070b800000, 0x000000070ba00000, 0x000000070ba00000|100%| E|CS|TAMS 0x000000070b800000, 0x000000070b800000| Complete 
|  87|0x000000070ba00000, 0x000000070bc00000, 0x000000070bc00000|100%| E|CS|TAMS 0x000000070ba00000, 0x000000070ba00000| Complete 
|  88|0x000000070bc00000, 0x000000070be00000, 0x000000070be00000|100%| E|CS|TAMS 0x000000070bc00000, 0x000000070bc00000| Complete 
|  89|0x000000070be00000, 0x000000070c000000, 0x000000070c000000|100%| E|CS|TAMS 0x000000070be00000, 0x000000070be00000| Complete 
|  90|0x000000070c000000, 0x000000070c200000, 0x000000070c200000|100%| E|CS|TAMS 0x000000070c000000, 0x000000070c000000| Complete 
|  91|0x000000070c200000, 0x000000070c400000, 0x000000070c400000|100%| E|CS|TAMS 0x000000070c200000, 0x000000070c200000| Complete 
|  92|0x000000070c400000, 0x000000070c600000, 0x000000070c600000|100%| E|CS|TAMS 0x000000070c400000, 0x000000070c400000| Complete 
|  93|0x000000070c600000, 0x000000070c800000, 0x000000070c800000|100%| E|CS|TAMS 0x000000070c600000, 0x000000070c600000| Complete 
|  94|0x000000070c800000, 0x000000070ca00000, 0x000000070ca00000|100%| E|CS|TAMS 0x000000070c800000, 0x000000070c800000| Complete 
|  95|0x000000070ca00000, 0x000000070cc00000, 0x000000070cc00000|100%| E|CS|TAMS 0x000000070ca00000, 0x000000070ca00000| Complete 
|  96|0x000000070cc00000, 0x000000070ce00000, 0x000000070ce00000|100%| E|CS|TAMS 0x000000070cc00000, 0x000000070cc00000| Complete 
|  97|0x000000070ce00000, 0x000000070d000000, 0x000000070d000000|100%| E|CS|TAMS 0x000000070ce00000, 0x000000070ce00000| Complete 
|  98|0x000000070d000000, 0x000000070d200000, 0x000000070d200000|100%| E|CS|TAMS 0x000000070d000000, 0x000000070d000000| Complete 
|  99|0x000000070d200000, 0x000000070d400000, 0x000000070d400000|100%| E|CS|TAMS 0x000000070d200000, 0x000000070d200000| Complete 
| 100|0x000000070d400000, 0x000000070d600000, 0x000000070d600000|100%| E|CS|TAMS 0x000000070d400000, 0x000000070d400000| Complete 
| 101|0x000000070d600000, 0x000000070d800000, 0x000000070d800000|100%| E|CS|TAMS 0x000000070d600000, 0x000000070d600000| Complete 
| 102|0x000000070d800000, 0x000000070da00000, 0x000000070da00000|100%| E|CS|TAMS 0x000000070d800000, 0x000000070d800000| Complete 
| 103|0x000000070da00000, 0x000000070dc00000, 0x000000070dc00000|100%| E|CS|TAMS 0x000000070da00000, 0x000000070da00000| Complete 
| 104|0x000000070dc00000, 0x000000070de00000, 0x000000070de00000|100%| E|CS|TAMS 0x000000070dc00000, 0x000000070dc00000| Complete 
| 105|0x000000070de00000, 0x000000070e000000, 0x000000070e000000|100%| E|CS|TAMS 0x000000070de00000, 0x000000070de00000| Complete 
| 106|0x000000070e000000, 0x000000070e200000, 0x000000070e200000|100%| E|CS|TAMS 0x000000070e000000, 0x000000070e000000| Complete 
| 107|0x000000070e200000, 0x000000070e400000, 0x000000070e400000|100%| E|CS|TAMS 0x000000070e200000, 0x000000070e200000| Complete 
| 108|0x000000070e400000, 0x000000070e600000, 0x000000070e600000|100%| E|CS|TAMS 0x000000070e400000, 0x000000070e400000| Complete 
| 109|0x000000070e600000, 0x000000070e800000, 0x000000070e800000|100%| E|CS|TAMS 0x000000070e600000, 0x000000070e600000| Complete 
| 110|0x000000070e800000, 0x000000070ea00000, 0x000000070ea00000|100%| E|CS|TAMS 0x000000070e800000, 0x000000070e800000| Complete 
| 111|0x000000070ea00000, 0x000000070ea0e6c0, 0x000000070ec00000|  2%| S|CS|TAMS 0x000000070ea00000, 0x000000070ea00000| Complete 
| 112|0x000000070ec00000, 0x000000070ee00000, 0x000000070ee00000|100%| S|CS|TAMS 0x000000070ec00000, 0x000000070ec00000| Complete 
| 113|0x000000070ee00000, 0x000000070f000000, 0x000000070f000000|100%| E|CS|TAMS 0x000000070ee00000, 0x000000070ee00000| Complete 
| 114|0x000000070f000000, 0x000000070f200000, 0x000000070f200000|100%| E|CS|TAMS 0x000000070f000000, 0x000000070f000000| Complete 
| 115|0x000000070f200000, 0x000000070f400000, 0x000000070f400000|100%| E|CS|TAMS 0x000000070f200000, 0x000000070f200000| Complete 
| 116|0x000000070f400000, 0x000000070f600000, 0x000000070f600000|100%| E|CS|TAMS 0x000000070f400000, 0x000000070f400000| Complete 
| 117|0x000000070f600000, 0x000000070f800000, 0x000000070f800000|100%| E|CS|TAMS 0x000000070f600000, 0x000000070f600000| Complete 
| 118|0x000000070f800000, 0x000000070fa00000, 0x000000070fa00000|100%| E|CS|TAMS 0x000000070f800000, 0x000000070f800000| Complete 
| 119|0x000000070fa00000, 0x000000070fc00000, 0x000000070fc00000|100%| E|CS|TAMS 0x000000070fa00000, 0x000000070fa00000| Complete 
| 120|0x000000070fc00000, 0x000000070fe00000, 0x000000070fe00000|100%| E|CS|TAMS 0x000000070fc00000, 0x000000070fc00000| Complete 
| 121|0x000000070fe00000, 0x0000000710000000, 0x0000000710000000|100%| E|CS|TAMS 0x000000070fe00000, 0x000000070fe00000| Complete 
| 122|0x0000000710000000, 0x0000000710200000, 0x0000000710200000|100%| E|CS|TAMS 0x0000000710000000, 0x0000000710000000| Complete 
| 123|0x0000000710200000, 0x0000000710400000, 0x0000000710400000|100%| E|CS|TAMS 0x0000000710200000, 0x0000000710200000| Complete 
| 124|0x0000000710400000, 0x0000000710600000, 0x0000000710600000|100%| E|CS|TAMS 0x0000000710400000, 0x0000000710400000| Complete 
| 125|0x0000000710600000, 0x0000000710800000, 0x0000000710800000|100%| E|CS|TAMS 0x0000000710600000, 0x0000000710600000| Complete 
| 126|0x0000000710800000, 0x0000000710a00000, 0x0000000710a00000|100%| E|CS|TAMS 0x0000000710800000, 0x0000000710800000| Complete 
| 127|0x0000000710a00000, 0x0000000710c00000, 0x0000000710c00000|100%| E|CS|TAMS 0x0000000710a00000, 0x0000000710a00000| Complete 

Card table byte_map: [0x000001b5a2fd0000,0x000001b5a37d0000] _byte_map_base: 0x000001b59f7ca000

Marking Bits (Prev, Next): (CMBitMap*) 0x000001b58b4d7f60, (CMBitMap*) 0x000001b58b4d7fa0
 Prev Bits: [0x000001b5a3fd0000, 0x000001b5a7fa0000)
 Next Bits: [0x000001b5a7fa0000, 0x000001b5abf70000)

Polling page: 0x000001b589470000

Metaspace:

Usage:
  Non-class:     14.43 MB capacity,    14.31 MB (>99%) used,   107.38 KB ( <1%) free+waste,    18.88 KB ( <1%) overhead. 
      Class:      2.18 MB capacity,     2.10 MB ( 97%) used,    69.48 KB (  3%) free+waste,     8.06 KB ( <1%) overhead. 
       Both:     16.61 MB capacity,    16.41 MB ( 99%) used,   176.86 KB (  1%) free+waste,    26.94 KB ( <1%) overhead. 

Virtual space:
  Non-class space:       16.00 MB reserved,      14.50 MB ( 91%) committed 
      Class space:        1.00 GB reserved,       2.25 MB ( <1%) committed 
             Both:        1.02 GB reserved,      16.75 MB (  2%) committed 

Chunk freelists:
   Non-Class:  7.00 KB
       Class:  11.00 KB
        Both:  18.00 KB

MaxMetaspaceSize: 17179869184.00 GB
CompressedClassSpaceSize: 1.00 GB

CodeHeap 'non-profiled nmethods': size=120000Kb used=1464Kb max_used=1464Kb free=118535Kb
 bounds [0x000001b59b190000, 0x000001b59b400000, 0x000001b5a26c0000]
CodeHeap 'profiled nmethods': size=120000Kb used=5126Kb max_used=5126Kb free=114874Kb
 bounds [0x000001b593c60000, 0x000001b594170000, 0x000001b59b190000]
CodeHeap 'non-nmethods': size=5760Kb used=1315Kb max_used=1403Kb free=4444Kb
 bounds [0x000001b5936c0000, 0x000001b593930000, 0x000001b593c60000]
 total_blobs=2960 nmethods=2463 adapters=409
 compilation: enabled
              stopped_count=0, restarted_count=0
 full_count=0

Compilation events (20 events):
Event: 13.959 Thread 0x000001b5af1152e0 2456       3       java.lang.Module::allows (60 bytes)
Event: 13.959 Thread 0x000001b5af1152e0 nmethod 2456 0x000001b59415c090 code [0x000001b59415c280, 0x000001b59415c888]
Event: 13.960 Thread 0x000001b5af1152e0 2457       3       java.lang.reflect.AccessibleObject::checkPermission (16 bytes)
Event: 13.961 Thread 0x000001b5af1152e0 nmethod 2457 0x000001b59415ca10 code [0x000001b59415cbe0, 0x000001b59415cf28]
Event: 13.961 Thread 0x000001b5af1152e0 2458       3       java.lang.reflect.AccessibleObject::setAccessible0 (7 bytes)
Event: 13.961 Thread 0x000001b5af1152e0 nmethod 2458 0x000001b59415d090 code [0x000001b59415d220, 0x000001b59415d338]
Event: 13.961 Thread 0x000001b5af1152e0 2459       3       java.lang.invoke.MethodHandleNatives::linkCallSite (66 bytes)
Event: 13.961 Thread 0x000001b5af1152e0 nmethod 2459 0x000001b59415d410 code [0x000001b59415d600, 0x000001b59415db88]
Event: 13.961 Thread 0x000001b5af1152e0 2460       3       java.lang.invoke.MethodHandleNatives::linkCallSiteImpl (44 bytes)
Event: 13.961 Thread 0x000001b5af1152e0 nmethod 2460 0x000001b59415dd90 code [0x000001b59415dfa0, 0x000001b59415e7f8]
Event: 13.961 Thread 0x000001b5af1152e0 2461       3       java.lang.invoke.ConstantCallSite::<init> (17 bytes)
Event: 13.961 Thread 0x000001b5af1152e0 nmethod 2461 0x000001b59415eb10 code [0x000001b59415ed00, 0x000001b59415f2e8]
Event: 14.033 Thread 0x000001b5af1152e0 2462       3       com.google.common.collect.LinkedHashMultiset::entrySet (5 bytes)
Event: 14.034 Thread 0x000001b5af1152e0 nmethod 2462 0x000001b59415f590 code [0x000001b59415f780, 0x000001b59415fdd8]
Event: 14.034 Thread 0x000001b5af1152e0 2465       3       com.google.common.collect.AbstractMapBasedMultiset$1::hasNext (10 bytes)
Event: 14.034 Thread 0x000001b5af1152e0 nmethod 2465 0x000001b594160010 code [0x000001b5941601c0, 0x000001b5941603a8]
Event: 14.034 Thread 0x000001b5af1152e0 2463       3       com.google.common.collect.AbstractMapBasedMultiset::entrySet (5 bytes)
Event: 14.034 Thread 0x000001b5af1152e0 nmethod 2463 0x000001b594160490 code [0x000001b594160680, 0x000001b594160c78]
Event: 14.034 Thread 0x000001b5af1152e0 2464       3       com.google.common.collect.AbstractMultiset::entrySet (21 bytes)
Event: 14.034 Thread 0x000001b5af1152e0 nmethod 2464 0x000001b594160e90 code [0x000001b594161060, 0x000001b5941615f8]

GC Heap History (4 events):
Event: 0.422 GC heap before
{Heap before GC invocations=0 (full 0):
 garbage-first heap   total 262144K, used 20480K [0x0000000700c00000, 0x0000000800000000)
  region size 2048K, 10 young (20480K), 0 survivors (0K)
 Metaspace       used 5053K, capacity 6002K, committed 6272K, reserved 1056768K
  class space    used 535K, capacity 593K, committed 640K, reserved 1048576K
}
Event: 0.425 GC heap after
{Heap after GC invocations=1 (full 0):
 garbage-first heap   total 262144K, used 3152K [0x0000000700c00000, 0x0000000800000000)
  region size 2048K, 2 young (4096K), 2 survivors (4096K)
 Metaspace       used 5053K, capacity 6002K, committed 6272K, reserved 1056768K
  class space    used 535K, capacity 593K, committed 640K, reserved 1048576K
}
Event: 0.695 GC heap before
{Heap before GC invocations=1 (full 0):
 garbage-first heap   total 262144K, used 29776K [0x0000000700c00000, 0x0000000800000000)
  region size 2048K, 15 young (30720K), 2 survivors (4096K)
 Metaspace       used 7854K, capacity 7994K, committed 8192K, reserved 1056768K
  class space    used 987K, capacity 1023K, committed 1024K, reserved 1048576K
}
Event: 0.699 GC heap after
{Heap after GC invocations=2 (full 0):
 garbage-first heap   total 262144K, used 5211K [0x0000000700c00000, 0x0000000800000000)
  region size 2048K, 2 young (4096K), 2 survivors (4096K)
 Metaspace       used 7854K, capacity 7994K, committed 8192K, reserved 1056768K
  class space    used 987K, capacity 1023K, committed 1024K, reserved 1048576K
}

Deoptimization events (20 events):
Event: 1.762 Thread 0x000001b58b488fa0 DEOPT PACKING pc=0x000001b59b2019d4 sp=0x000000afd72fc960
Event: 1.762 Thread 0x000001b58b488fa0 DEOPT UNPACKING pc=0x000001b59370e42f sp=0x000000afd72fc8f8 mode 2
Event: 1.762 Thread 0x000001b58b488fa0 Uncommon trap: trap_request=0xffffff45 fr.pc=0x000001b59b29f77c relative=0x000000000000005c
Event: 1.762 Thread 0x000001b58b488fa0 Uncommon trap: reason=unstable_if action=reinterpret pc=0x000001b59b29f77c method=sun.net.www.ParseUtil.encodePath(Ljava/lang/String;Z)Ljava/lang/String; @ 1 c2
Event: 1.762 Thread 0x000001b58b488fa0 DEOPT PACKING pc=0x000001b59b29f77c sp=0x000000afd72fca50
Event: 1.762 Thread 0x000001b58b488fa0 DEOPT UNPACKING pc=0x000001b59370e42f sp=0x000000afd72fc9e8 mode 2
Event: 2.279 Thread 0x000001b58b488fa0 Uncommon trap: trap_request=0xffffffde fr.pc=0x000001b59b220fb8 relative=0x0000000000000218
Event: 2.279 Thread 0x000001b58b488fa0 Uncommon trap: reason=class_check action=maybe_recompile pc=0x000001b59b220fb8 method=java.io.DataInputStream.readByte()B @ 4 c2
Event: 2.279 Thread 0x000001b58b488fa0 DEOPT PACKING pc=0x000001b59b220fb8 sp=0x000000afd72fc0e0
Event: 2.279 Thread 0x000001b58b488fa0 DEOPT UNPACKING pc=0x000001b59370e42f sp=0x000000afd72fc0a8 mode 2
Event: 2.282 Thread 0x000001b58b488fa0 Uncommon trap: trap_request=0xffffff45 fr.pc=0x000001b59b22809c relative=0x000000000000009c
Event: 2.282 Thread 0x000001b58b488fa0 Uncommon trap: reason=unstable_if action=reinterpret pc=0x000001b59b22809c method=java.lang.Math.floorMod(JJ)J @ 10 c2
Event: 2.282 Thread 0x000001b58b488fa0 DEOPT PACKING pc=0x000001b59b22809c sp=0x000000afd72fc9a0
Event: 2.282 Thread 0x000001b58b488fa0 DEOPT UNPACKING pc=0x000001b59370e42f sp=0x000000afd72fc940 mode 2
Event: 2.287 Thread 0x000001b58b488fa0 DEOPT PACKING pc=0x000001b593f4f3c4 sp=0x000000afd72fc940
Event: 2.287 Thread 0x000001b58b488fa0 DEOPT UNPACKING pc=0x000001b59370e23f sp=0x000000afd72fbe30 mode 1
Event: 10.201 Thread 0x000001b58b488fa0 DEOPT PACKING pc=0x000001b5940d77ea sp=0x000000afd72fcda0
Event: 10.201 Thread 0x000001b58b488fa0 DEOPT UNPACKING pc=0x000001b59370e23f sp=0x000000afd72fc2c8 mode 0
Event: 13.629 Thread 0x000001b58b488fa0 DEOPT PACKING pc=0x000001b594035e7c sp=0x000000afd72fca50
Event: 13.629 Thread 0x000001b58b488fa0 DEOPT UNPACKING pc=0x000001b59370e23f sp=0x000000afd72fbf80 mode 0

Classes unloaded (0 events):
No events

Classes redefined (2 events):
Event: 35.318 Thread 0x000001b5ae7c5820 redefined class name=seleniumgluecode.test, count=1
Event: 40.326 Thread 0x000001b5ae7c5820 redefined class name=seleniumgluecode.test, count=2

Internal exceptions (20 events):
Event: 0.964 Thread 0x000001b58b488fa0 Exception <a 'java/lang/NoSuchMethodError'{0x000000070ef7e418}: 'java.lang.Object java.lang.invoke.DirectMethodHandle$Holder.invokeStaticInit(java.lang.Object, java.lang.Object, int, int, int, int)'> (0x000000070ef7e418) 
thrown [./open/src/hotspot/share/interpreter/linkResolver.cpp, line 782]
Event: 0.966 Thread 0x000001b58b488fa0 Implicit null exception at 0x000001b59b20d7ee to 0x000001b59b20d910
Event: 1.058 Thread 0x000001b5b02b70f0 Exception <a 'java/lang/NoSuchMethodError'{0x000000070df23390}: 'void java.lang.invoke.DirectMethodHandle$Holder.invokeStatic(java.lang.Object, long)'> (0x000000070df23390) 
thrown [./open/src/hotspot/share/interpreter/linkResolver.cpp, line 782]
Event: 1.059 Thread 0x000001b5b02b70f0 Exception <a 'java/lang/NoSuchMethodError'{0x000000070df28b28}: 'java.lang.Object java.lang.invoke.DirectMethodHandle$Holder.newInvokeSpecial(java.lang.Object, long)'> (0x000000070df28b28) 
thrown [./open/src/hotspot/share/interpreter/linkResolver.cpp, line 782]
Event: 1.060 Thread 0x000001b5b02b70f0 Exception <a 'java/lang/NoSuchMethodError'{0x000000070df364c8}: 'java.lang.Object java.lang.invoke.DirectMethodHandle$Holder.invokeStaticInit(java.lang.Object, java.lang.Object, long, java.lang.Object)'> (0x000000070df364c8) 
thrown [./open/src/hotspot/share/interpreter/linkResolver.cpp, line 782]
Event: 1.060 Thread 0x000001b5b02b70f0 Exception <a 'java/lang/NoSuchMethodError'{0x000000070df3c948}: 'java.lang.Object java.lang.invoke.DirectMethodHandle$Holder.newInvokeSpecial(java.lang.Object, java.lang.Object, long)'> (0x000000070df3c948) 
thrown [./open/src/hotspot/share/interpreter/linkResolver.cpp, line 782]
Event: 1.060 Thread 0x000001b5b02b70f0 Exception <a 'java/lang/NoSuchMethodError'{0x000000070df406b8}: 'java.lang.Object java.lang.invoke.Invokers$Holder.linkToTargetMethod(java.lang.Object, long, java.lang.Object)'> (0x000000070df406b8) 
thrown [./open/src/hotspot/share/interpreter/linkResolver.cpp, line 782]
Event: 1.577 Thread 0x000001b5b02b7f60 Exception <a 'java/net/SocketException'{0x000000070dd29630}: Socket is not connected: shutdown> (0x000000070dd29630) 
thrown [./open/src/hotspot/share/prims/jni.cpp, line 599]
Event: 1.637 Thread 0x000001b58b488fa0 Exception <a 'java/lang/NoSuchMethodError'{0x000000070d517e00}: 'java.lang.Object java.lang.invoke.DirectMethodHandle$Holder.invokeInterface(java.lang.Object, java.lang.Object, java.lang.Object)'> (0x000000070d517e00) 
thrown [./open/src/hotspot/share/interpreter/linkResolver.cpp, line 782]
Event: 1.638 Thread 0x000001b58b488fa0 Exception <a 'java/lang/IncompatibleClassChangeError'{0x000000070d51be08}: Found class java.lang.Object, but interface was expected> (0x000000070d51be08) 
thrown [./open/src/hotspot/share/interpreter/linkResolver.cpp, line 848]
Event: 1.639 Thread 0x000001b58b488fa0 Exception <a 'java/lang/NoSuchMethodError'{0x000000070d520e30}: 'int java.lang.invoke.DirectMethodHandle$Holder.invokeSpecial(java.lang.Object, java.lang.Object, java.lang.Object)'> (0x000000070d520e30) 
thrown [./open/src/hotspot/share/interpreter/linkResolver.cpp, line 782]
Event: 1.639 Thread 0x000001b58b488fa0 Exception <a 'java/lang/NoSuchMethodError'{0x000000070d527d80}: 'int java.lang.invoke.DirectMethodHandle$Holder.invokeSpecialIFC(java.lang.Object, java.lang.Object, java.lang.Object, java.lang.Object)'> (0x000000070d527d80) 
thrown [./open/src/hotspot/share/interpreter/linkResolver.cpp, line 782]
Event: 1.640 Thread 0x000001b58b488fa0 Exception <a 'java/lang/NoSuchMethodError'{0x000000070d530838}: 'java.lang.Object java.lang.invoke.DirectMethodHandle$Holder.invokeInterface(java.lang.Object, java.lang.Object, java.lang.Object, java.lang.Object)'> (0x000000070d530838) 
thrown [./open/src/hotspot/share/interpreter/linkResolver.cpp, line 782]
Event: 1.643 Thread 0x000001b58b488fa0 Exception <a 'java/lang/NoSuchMethodError'{0x000000070d56d728}: 'java.lang.Object java.lang.invoke.DirectMethodHandle$Holder.invokeVirtual(java.lang.Object, java.lang.Object, java.lang.Object)'> (0x000000070d56d728) 
thrown [./open/src/hotspot/share/interpreter/linkResolver.cpp, line 782]
Event: 1.654 Thread 0x000001b58b488fa0 Exception <a 'java/lang/NoSuchMethodError'{0x000000070d29d468}: 'void java.lang.invoke.DirectMethodHandle$Holder.invokeStatic(java.lang.Object, java.lang.Object, java.lang.Object)'> (0x000000070d29d468) 
thrown [./open/src/hotspot/share/interpreter/linkResolver.cpp, line 782]
Event: 1.671 Thread 0x000001b58b488fa0 Exception <a 'java/lang/NoSuchMethodError'{0x000000070d0a24b0}: 'java.lang.Object java.lang.invoke.Invokers$Holder.invokeExact_MT(java.lang.Object, java.lang.Object, java.lang.Object, java.lang.Object, java.lang.Object, java.lang.Object)'> (0x000000070d0a24b0) 
thrown [./open/src/hotspot/share/interpreter/linkResolver.cpp, line 782]
Event: 1.673 Thread 0x000001b58b488fa0 Exception <a 'java/lang/NoSuchMethodError'{0x000000070d0c09f0}: 'void java.lang.invoke.DirectMethodHandle$Holder.invokeStatic(java.lang.Object, java.lang.Object, java.lang.Object, java.lang.Object, java.lang.Object, java.lang.Object)'> (0x000000070d0c09f0) 
thrown [./open/src/hotspot/share/interpreter/linkResolver.cpp, line 782]
Event: 1.675 Thread 0x000001b58b488fa0 Exception <a 'java/lang/NoSuchMethodError'{0x000000070d0efb80}: 'void java.lang.invoke.DirectMethodHandle$Holder.invokeInterface(java.lang.Object, java.lang.Object, java.lang.Object)'> (0x000000070d0efb80) 
thrown [./open/src/hotspot/share/interpreter/linkResolver.cpp, line 782]
Event: 2.265 Thread 0x000001b58b488fa0 Exception <a 'java/lang/NoSuchMethodError'{0x000000070c232ab0}: 'void java.lang.invoke.DirectMethodHandle$Holder.invokeStatic(java.lang.Object, java.lang.Object, java.lang.Object, java.lang.Object)'> (0x000000070c232ab0) 
thrown [./open/src/hotspot/share/interpreter/linkResolver.cpp, line 782]
Event: 2.287 Thread 0x000001b58b488fa0 Exception <a 'java/lang/ClassNotFoundException'{0x000000070c3ec9e0}: sun/util/logging/resources/spi/loggingProvider> (0x000000070c3ec9e0) 
thrown [./open/src/hotspot/share/classfile/systemDictionary.cpp, line 295]

Events (20 events):
Event: 35.400 Executing VM operation: GetFrameLocation
Event: 35.400 Executing VM operation: GetFrameLocation done
Event: 35.400 Executing VM operation: get/set locals
Event: 35.400 Executing VM operation: get/set locals done
Event: 35.400 Executing VM operation: GetFrameLocation
Event: 35.400 Executing VM operation: GetFrameLocation done
Event: 35.400 Executing VM operation: get/set locals
Event: 35.400 Executing VM operation: get/set locals done
Event: 40.322 Executing VM operation: RedefineClasses
Event: 40.334 Executing VM operation: RedefineClasses done
Event: 40.339 Executing VM operation: ChangeBreakpoints
Event: 40.340 Executing VM operation: ChangeBreakpoints done
Event: 40.341 Executing VM operation: GetFrameCount
Event: 40.341 Executing VM operation: GetFrameCount done
Event: 40.341 Executing VM operation: GetStackTrace
Event: 40.341 Executing VM operation: GetStackTrace done
Event: 40.394 Executing VM operation: GetFrameCount
Event: 40.394 Executing VM operation: GetFrameCount done
Event: 40.400 Executing VM operation: GetFrameLocation
Event: 40.400 Executing VM operation: GetFrameLocation done


Dynamic libraries:
0x00007ff7f4fd0000 - 0x00007ff7f4fdf000 	C:\Program Files\Java\jdk-15.0.1\bin\javaw.exe
0x00007ffa1a2b0000 - 0x00007ffa1a4a5000 	C:\Windows\SYSTEM32\ntdll.dll
0x00007ffa18310000 - 0x00007ffa183cd000 	C:\Windows\System32\KERNEL32.DLL
0x00007ffa17b00000 - 0x00007ffa17dc9000 	C:\Windows\System32\KERNELBASE.dll
0x00007ffa17ef0000 - 0x00007ffa17ff0000 	C:\Windows\System32\ucrtbase.dll
0x00007ffa09170000 - 0x00007ffa09189000 	C:\Program Files\Java\jdk-15.0.1\bin\VCRUNTIME140.dll
0x00007ff9f8720000 - 0x00007ff9f8738000 	C:\Program Files\Java\jdk-15.0.1\bin\jli.dll
0x00007ffa19b80000 - 0x00007ffa19c2c000 	C:\Windows\System32\ADVAPI32.dll
0x00007ffa19180000 - 0x00007ffa1921e000 	C:\Windows\System32\msvcrt.dll
0x00007ffa19480000 - 0x00007ffa1951c000 	C:\Windows\System32\sechost.dll
0x00007ffa19730000 - 0x00007ffa1985b000 	C:\Windows\System32\RPCRT4.dll
0x00007ffa199e0000 - 0x00007ffa19b80000 	C:\Windows\System32\USER32.dll
0x00007ffa18150000 - 0x00007ffa18172000 	C:\Windows\System32\win32u.dll
0x00007ff9fed60000 - 0x00007ff9feffa000 	C:\Windows\WinSxS\amd64_microsoft.windows.common-controls_6595b64144ccf1df_6.0.19041.844_none_ca00b6081b84eb1d\COMCTL32.dll
0x00007ffa1a240000 - 0x00007ffa1a26a000 	C:\Windows\System32\GDI32.dll
0x00007ffa179f0000 - 0x00007ffa17afb000 	C:\Windows\System32\gdi32full.dll
0x00007ffa17e50000 - 0x00007ffa17eed000 	C:\Windows\System32\msvcp_win.dll
0x00007ffa10790000 - 0x00007ffa1079a000 	C:\Windows\SYSTEM32\VERSION.dll
0x00007ffa19530000 - 0x00007ffa19560000 	C:\Windows\System32\IMM32.DLL
0x00007ffa09160000 - 0x00007ffa0916c000 	C:\Program Files\Java\jdk-15.0.1\bin\vcruntime140_1.dll
0x00007ff9e5030000 - 0x00007ff9e50c1000 	C:\Program Files\Java\jdk-15.0.1\bin\msvcp140.dll
0x00007ff9d35f0000 - 0x00007ff9d414e000 	C:\Program Files\Java\jdk-15.0.1\bin\server\jvm.dll
0x00007ffa19630000 - 0x00007ffa19638000 	C:\Windows\System32\PSAPI.DLL
0x00007ffa097c0000 - 0x00007ffa097e7000 	C:\Windows\SYSTEM32\WINMM.dll
0x00007ff9ec6c0000 - 0x00007ff9ec6c9000 	C:\Windows\SYSTEM32\WSOCK32.dll
0x00007ffa195c0000 - 0x00007ffa1962b000 	C:\Windows\System32\WS2_32.dll
0x00007ffa162f0000 - 0x00007ffa16302000 	C:\Windows\SYSTEM32\kernel.appcore.dll
0x00007ffa090e0000 - 0x00007ffa090ea000 	C:\Program Files\Java\jdk-15.0.1\bin\jimage.dll
0x00007ffa15f70000 - 0x00007ffa16154000 	C:\Windows\SYSTEM32\DBGHELP.DLL
0x00007ffa0ff50000 - 0x00007ffa0ff7c000 	C:\Windows\SYSTEM32\dbgcore.DLL
0x00007ffa18230000 - 0x00007ffa182b0000 	C:\Windows\System32\bcryptPrimitives.dll
0x00007ffa10800000 - 0x00007ffa10839000 	C:\Program Files\Java\jdk-15.0.1\bin\jdwp.dll
0x00007ffa10ca0000 - 0x00007ffa10cae000 	C:\Program Files\Java\jdk-15.0.1\bin\instrument.dll
0x00007ff9ea100000 - 0x00007ff9ea125000 	C:\Program Files\Java\jdk-15.0.1\bin\java.dll
0x00007ffa185f0000 - 0x00007ffa18d32000 	C:\Windows\System32\SHELL32.dll
0x00007ffa15720000 - 0x00007ffa15eb0000 	C:\Windows\SYSTEM32\windows.storage.dll
0x00007ffa18d40000 - 0x00007ffa19095000 	C:\Windows\System32\combase.dll
0x00007ffa17460000 - 0x00007ffa1748c000 	C:\Windows\SYSTEM32\Wldp.dll
0x00007ffa193b0000 - 0x00007ffa1945e000 	C:\Windows\System32\SHCORE.dll
0x00007ffa196d0000 - 0x00007ffa19725000 	C:\Windows\System32\shlwapi.dll
0x00007ffa17930000 - 0x00007ffa1794f000 	C:\Windows\SYSTEM32\profapi.dll
0x00007ffa10ba0000 - 0x00007ffa10bab000 	C:\Program Files\Java\jdk-15.0.1\bin\dt_socket.dll
0x00007ffa16e80000 - 0x00007ffa16ebb000 	C:\Windows\SYSTEM32\IPHLPAPI.DLL
0x00007ffa171e0000 - 0x00007ffa1724a000 	C:\Windows\system32\mswsock.dll
0x00007ffa16ec0000 - 0x00007ffa16f8b000 	C:\Windows\SYSTEM32\DNSAPI.dll
0x00007ffa19520000 - 0x00007ffa19528000 	C:\Windows\System32\NSI.dll
0x00007ffa09bf0000 - 0x00007ffa09bfa000 	C:\Windows\System32\rasadhlp.dll
0x00007ffa0a130000 - 0x00007ffa0a1af000 	C:\Windows\System32\fwpuclnt.dll
0x00007ffa17dd0000 - 0x00007ffa17df7000 	C:\Windows\System32\bcrypt.dll
0x00007ff9ecbe0000 - 0x00007ff9ecbf8000 	C:\Program Files\Java\jdk-15.0.1\bin\zip.dll
0x00007ff9f7f60000 - 0x00007ff9f7f79000 	C:\Program Files\Java\jdk-15.0.1\bin\net.dll
0x00007ffa10900000 - 0x00007ffa10a0c000 	C:\Windows\SYSTEM32\WINHTTP.dll
0x00007ff9ecd80000 - 0x00007ff9ecd92000 	C:\Program Files\Java\jdk-15.0.1\bin\nio.dll
0x00007ffa063b0000 - 0x00007ffa063c0000 	C:\Program Files\Java\jdk-15.0.1\bin\verify.dll
0x00007ffa107d0000 - 0x00007ffa107e7000 	C:\Windows\SYSTEM32\dhcpcsvc6.DLL
0x00007ffa11940000 - 0x00007ffa1195d000 	C:\Windows\SYSTEM32\dhcpcsvc.DLL
0x00007ff9fae00000 - 0x00007ff9fae0d000 	C:\Program Files\Java\jdk-15.0.1\bin\sunmscapi.dll
0x00007ffa17ff0000 - 0x00007ffa1814f000 	C:\Windows\System32\CRYPT32.dll
0x00007ffa174d0000 - 0x00007ffa174f7000 	C:\Windows\SYSTEM32\ncrypt.dll
0x00007ffa17490000 - 0x00007ffa174cb000 	C:\Windows\SYSTEM32\NTASN1.dll
0x00007ffa173c0000 - 0x00007ffa173d8000 	C:\Windows\SYSTEM32\CRYPTSP.dll
0x00007ffa16b10000 - 0x00007ffa16b44000 	C:\Windows\system32\rsaenh.dll
0x00007ffa178f0000 - 0x00007ffa1791e000 	C:\Windows\SYSTEM32\USERENV.dll
0x00007ffa173b0000 - 0x00007ffa173bc000 	C:\Windows\SYSTEM32\CRYPTBASE.dll

dbghelp: loaded successfully - version: 4.0.5 - missing functions: none
symbol engine: initialized successfully - sym options: 0x614 - pdb path: .;C:\Program Files\Java\jdk-15.0.1\bin;C:\Windows\SYSTEM32;C:\Windows\WinSxS\amd64_microsoft.windows.common-controls_6595b64144ccf1df_6.0.19041.844_none_ca00b6081b84eb1d;C:\Program Files\Java\jdk-15.0.1\bin\server

VM Arguments:
jvm_args: -XX:+ShowCodeDetailsInExceptionMessages -agentlib:jdwp=transport=dt_socket,suspend=y,address=localhost:57042 -ea -javaagent:C:\Program Files\eclipse\configuration\org.eclipse.osgi\215\0\.cp\lib\javaagent-shaded.jar -Dfile.encoding=UTF-8 
java_command: org.eclipse.jdt.internal.junit.runner.RemoteTestRunner -version 3 -port 57041 -testLoaderClass org.eclipse.jdt.internal.junit4.runner.JUnit4TestLoader -loaderpluginname org.eclipse.jdt.junit4.runtime -classNames runner.testrunner
java_class_path (initial): C:\Users\Tony\eclipse\Cucumber_Selenium\target\test-classes;C:\Users\Tony\eclipse\Cucumber_Selenium\target\classes;C:\Users\Tony\.m2\repository\org\seleniumhq\selenium\selenium-java\3.7.0\selenium-java-3.7.0.jar;C:\Users\Tony\.m2\repository\org\seleniumhq\selenium\selenium-api\3.7.0\selenium-api-3.7.0.jar;C:\Users\Tony\.m2\repository\org\seleniumhq\selenium\selenium-chrome-driver\3.7.0\selenium-chrome-driver-3.7.0.jar;C:\Users\Tony\.m2\repository\org\seleniumhq\selenium\selenium-edge-driver\3.7.0\selenium-edge-driver-3.7.0.jar;C:\Users\Tony\.m2\repository\org\seleniumhq\selenium\selenium-firefox-driver\3.7.0\selenium-firefox-driver-3.7.0.jar;C:\Users\Tony\.m2\repository\org\seleniumhq\selenium\selenium-ie-driver\3.7.0\selenium-ie-driver-3.7.0.jar;C:\Users\Tony\.m2\repository\org\seleniumhq\selenium\selenium-opera-driver\3.7.0\selenium-opera-driver-3.7.0.jar;C:\Users\Tony\.m2\repository\org\seleniumhq\selenium\selenium-remote-driver\3.7.0\selenium-remote-driver-3.7.0.jar;C:\Users\Tony\.m2\repository\org\seleniumhq\selenium\selenium-safari-driver\3.7.0\selenium-safari-driver-3.7.0.jar;C:\Users\Tony\.m2\repository\org\seleniumhq\selenium\selenium-support\3.7.0\selenium-support-3.7.0.jar;C:\Users\Tony\.m2\repository\net\bytebuddy\byte-buddy\1.7.5\byte-buddy-1.7.5.jar;C:\Users\Tony\.m2\repository\org\apache\commons\commons-exec\1.3\commons-exec-1.3.jar;C:\Users\Tony\.m2\repository\commons-codec\commons-codec\1.10\commons-codec-1.10.jar;C:\Users\Tony\.m2\repository\commons-logging\commons-logging\1.2\commons-logging-1.2.jar;C:\Users\Tony\.m2\repository\com\google\code\gson\gson\2.8.2\gson-2.8.2.jar;C:\Users\Tony\.m2\repository\com\google\guava\guava\23.0\guava-23.0.jar;C:\Users\Tony\.m2\repository\com\google\code\findbugs\jsr305\1.3.9\jsr305-1.3.9.jar;C:\Users\Tony\.m2\repository\com\google\errorprone\error_prone_annotations\2.0.18\error_prone_annotations-2.0.18.jar;C:\Users\Tony\.m2\repository\com\google\j2objc\j2objc-annotations\1.1\j2objc-a
Launcher Type: SUN_STANDARD

[Global flags]
     intx CICompilerCount                          = 3                                         {product} {ergonomic}
     uint ConcGCThreads                            = 2                                         {product} {ergonomic}
     uint G1ConcRefinementThreads                  = 6                                         {product} {ergonomic}
   size_t G1HeapRegionSize                         = 2097152                                   {product} {ergonomic}
    uintx GCDrainStackTargetSize                   = 64                                        {product} {ergonomic}
   size_t InitialHeapSize                          = 268435456                                 {product} {ergonomic}
   size_t MarkStackSize                            = 4194304                                   {product} {ergonomic}
   size_t MaxHeapSize                              = 4282384384                                {product} {ergonomic}
   size_t MaxNewSize                               = 2569011200                                {product} {ergonomic}
   size_t MinHeapDeltaBytes                        = 2097152                                   {product} {ergonomic}
   size_t MinHeapSize                              = 8388608                                   {product} {ergonomic}
    uintx NonNMethodCodeHeapSize                   = 5832780                                {pd product} {ergonomic}
    uintx NonProfiledCodeHeapSize                  = 122912730                              {pd product} {ergonomic}
    uintx ProfiledCodeHeapSize                     = 122912730                              {pd product} {ergonomic}
    uintx ReservedCodeCacheSize                    = 251658240                              {pd product} {ergonomic}
     bool SegmentedCodeCache                       = true                                      {product} {ergonomic}
     bool ShowCodeDetailsInExceptionMessages       = true                                   {manageable} {command line}
   size_t SoftMaxHeapSize                          = 4282384384                             {manageable} {ergonomic}
     bool UseCompressedClassPointers               = true                                 {lp64_product} {ergonomic}
     bool UseCompressedOops                        = true                                 {lp64_product} {ergonomic}
     bool UseG1GC                                  = true                                      {product} {ergonomic}
     bool UseLargePagesIndividualAllocation        = false                                  {pd product} {ergonomic}

Logging:
Log output configuration:
 #0: stdout all=warning uptime,level,tags
 #1: stderr all=off uptime,level,tags

Environment Variables:
JAVA_HOME=C:\Program Files\Java\jdk-15.0.1
PATH=C:\Program Files\Common Files\Oracle\Java\javapath;C:\Windows\system32;C:\Windows;C:\Windows\System32\Wbem;C:\Windows\System32\WindowsPowerShell\v1.0\;C:\Windows\System32\OpenSSH\;C:\Program Files (x86)\NVIDIA Corporation\PhysX\Common;C:\Program Files\NVIDIA Corporation\NVIDIA NvDLISR;C:\Program Files\Git\cmd;C:\Program Files\nodejs\;C:\Program Files (x86)\Brackets\command;C:\Users\Tony\eclipse;C:\Users\Tony\AppData\Local\Microsoft\WindowsApps;C:\Users\Tony\AppData\Roaming\npm;C:\Users\Tony\AppData\Local\Programs\Microsoft VS Code\bin;C:\Users\Tony\AppData\Local\GitHubDesktop\bin;C:\Users\Tony\GitHub\apache-maven-3.6.3\bin;
USERNAME=Tony
OS=Windows_NT
PROCESSOR_IDENTIFIER=AMD64 Family 23 Model 113 Stepping 0, AuthenticAMD



---------------  S Y S T E M  ---------------

OS:
 Windows 10 , 64 bit Build 19041 (10.0.19041.804)
OS uptime: 3 days 3:40 hours

CPU: total 6 (initial active 6) (6 cores per cpu, 1 threads per core) family 23 model 113 stepping 0 microcode 0x0, cmov, cx8, fxsr, mmx, sse, sse2, sse3, ssse3, sse4.1, sse4.2, popcnt, vzeroupper, avx, avx2, aes, clmul, 3dnowpref, lzcnt, sse4a, tsc, tscinvbit, tscinv, bmi1, bmi2, adx, sha, fma, clflush, clflushopt

Memory: 4k page, system-wide physical 16329M (8615M free)
TotalPageFile size 20169M (AvailPageFile size 7341M)
current process WorkingSet (physical memory assigned to process): 153M, peak: 176M
current process commit charge ("private bytes"): 370M, peak: 406M

vm_info: Java HotSpot(TM) 64-Bit Server VM (15.0.1+9-18) for windows-amd64 JRE (15.0.1+9-18), built on Sep 15 2020 14:43:54 by "mach5one" with unknown MS VC++:1925

END.
